<?xml version="1.0" encoding="UTF-8"?>
<!-- Generated by org.testng.reporters.JUnitReportReporter -->
<testsuite hostname="LAPTOP-BCTU6GA5" failures="0" tests="4" name="api.test.EmployeeTest" time="9.777" errors="0" timestamp="2023-05-25T00:13:03 IST" skipped="0">
  <testcase classname="api.test.EmployeeTest" name="postEmployee" time="3.557"/>
  <system-out/>
  <testcase classname="api.test.EmployeeTest" name="getEmployee" time="2.093"/>
  <system-out/>
  <testcase classname="api.test.EmployeeTest" name="putEmployee" time="2.066"/>
  <system-out/>
  <testcase classname="api.test.EmployeeTest" name="deleteEmployee" time="2.061"/>
  <system-out/>
</testsuite> <!-- api.test.EmployeeTest -->
