<?xml version="1.0" encoding="UTF-8"?>
<!-- Generated by org.testng.reporters.JUnitReportReporter -->
<testsuite hostname="LAPTOP-BCTU6GA5" failures="0" tests="4" name="api.test.EmployeeTest2" time="9.809" errors="0" timestamp="2023-05-25T18:51:51 IST" skipped="0">
  <testcase classname="api.test.EmployeeTest2" name="postEmployee" time="3.565"/>
  <system-out/>
  <testcase classname="api.test.EmployeeTest2" name="getEmployee" time="2.111"/>
  <system-out/>
  <testcase classname="api.test.EmployeeTest2" name="putEmployee" time="2.053"/>
  <system-out/>
  <testcase classname="api.test.EmployeeTest2" name="deleteEmployee" time="2.080"/>
  <system-out/>
</testsuite> <!-- api.test.EmployeeTest2 -->
