<?xml version="1.0" encoding="UTF-8"?>
<!-- Generated by org.testng.reporters.JUnitReportReporter -->
<testsuite hostname="LAPTOP-BCTU6GA5" failures="0" tests="4" name="api.test.EmployeeTest2" time="9.760" errors="0" timestamp="2023-05-25T19:25:54 IST" skipped="0">
  <testcase classname="api.test.EmployeeTest2" name="postEmployee" time="3.489"/>
  <system-out/>
  <testcase classname="api.test.EmployeeTest2" name="getEmployee" time="2.091"/>
  <system-out/>
  <testcase classname="api.test.EmployeeTest2" name="putEmployee" time="2.090"/>
  <system-out/>
  <testcase classname="api.test.EmployeeTest2" name="deleteEmployee" time="2.090"/>
  <system-out/>
</testsuite> <!-- api.test.EmployeeTest2 -->
